This is pdfTeX, Version 3.141592653-2.6-1.40.24 (TeX Live 2022) (preloaded format=pdflatex 2022.5.24)  7 SEP 2022 21:44
entering extended mode
 restricted \write18 enabled.
 file:line:error style messages enabled.
 %&-line parsing enabled.
**"/Users/siddhartha/Documents/froufroujaguar24964.github.io/id5841/Assignments/Assignment_1/Student Assignment Template/main.tex"
(/Users/siddhartha/Documents/froufroujaguar24964.github.io/id5841/Assignments/Assignment_1/Student Assignment Template/main.tex
LaTeX2e <2021-11-15> patch level 1
L3 programming layer <2022-02-24> (/usr/local/texlive/2022/texmf-dist/tex/latex/base/article.cls
Document Class: article 2021/10/04 v1.4n Standard LaTeX document class
(/usr/local/texlive/2022/texmf-dist/tex/latex/base/size10.clo
File: size10.clo 2021/10/04 v1.4n Standard LaTeX file (size option)
)
\c@part=\count185
\c@section=\count186
\c@subsection=\count187
\c@subsubsection=\count188
\c@paragraph=\count189
\c@subparagraph=\count190
\c@figure=\count191
\c@table=\count192
\abovecaptionskip=\skip47
\belowcaptionskip=\skip48
\bibindent=\dimen138
) (./student.sty
Package: student 16/02/2022 v1.0 custom anu student assignment stylefile
 (/usr/local/texlive/2022/texmf-dist/tex/latex/tcolorbox/tcolorbox.sty
Package: tcolorbox 2022/01/07 version 5.0.2 text color boxes
 (/usr/local/texlive/2022/texmf-dist/tex/latex/pgf/basiclayer/pgf.sty (/usr/local/texlive/2022/texmf-dist/tex/latex/pgf/utilities/pgfrcs.sty (/usr/local/texlive/2022/texmf-dist/tex/generic/pgf/utilities/pgfutil-common.tex
\pgfutil@everybye=\toks16
\pgfutil@tempdima=\dimen139
\pgfutil@tempdimb=\dimen140
 (/usr/local/texlive/2022/texmf-dist/tex/generic/pgf/utilities/pgfutil-common-lists.tex)) (/usr/local/texlive/2022/texmf-dist/tex/generic/pgf/utilities/pgfutil-latex.def
\pgfutil@abb=\box50
) (/usr/local/texlive/2022/texmf-dist/tex/generic/pgf/utilities/pgfrcs.code.tex (/usr/local/texlive/2022/texmf-dist/tex/generic/pgf/pgf.revision.tex)
Package: pgfrcs 2021/05/15 v3.1.9a (3.1.9a)
))
Package: pgf 2021/05/15 v3.1.9a (3.1.9a)
 (/usr/local/texlive/2022/texmf-dist/tex/latex/pgf/basiclayer/pgfcore.sty (/usr/local/texlive/2022/texmf-dist/tex/latex/graphics/graphicx.sty
Package: graphicx 2021/09/16 v1.2d Enhanced LaTeX Graphics (DPC,SPQR)
 (/usr/local/texlive/2022/texmf-dist/tex/latex/graphics/keyval.sty
Package: keyval 2014/10/28 v1.15 key=value parser (DPC)
\KV@toks@=\toks17
) (/usr/local/texlive/2022/texmf-dist/tex/latex/graphics/graphics.sty
Package: graphics 2021/03/04 v1.4d Standard LaTeX Graphics (DPC,SPQR)
 (/usr/local/texlive/2022/texmf-dist/tex/latex/graphics/trig.sty
Package: trig 2021/08/11 v1.11 sin cos tan (DPC)
) (/usr/local/texlive/2022/texmf-dist/tex/latex/graphics-cfg/graphics.cfg
File: graphics.cfg 2016/06/04 v1.11 sample graphics configuration
)
Package graphics Info: Driver file: pdftex.def on input line 107.
 (/usr/local/texlive/2022/texmf-dist/tex/latex/graphics-def/pdftex.def
File: pdftex.def 2020/10/05 v1.2a Graphics/color driver for pdftex
))
\Gin@req@height=\dimen141
\Gin@req@width=\dimen142
) (/usr/local/texlive/2022/texmf-dist/tex/latex/pgf/systemlayer/pgfsys.sty (/usr/local/texlive/2022/texmf-dist/tex/generic/pgf/systemlayer/pgfsys.code.tex
Package: pgfsys 2021/05/15 v3.1.9a (3.1.9a)
 (/usr/local/texlive/2022/texmf-dist/tex/generic/pgf/utilities/pgfkeys.code.tex
\pgfkeys@pathtoks=\toks18
\pgfkeys@temptoks=\toks19
 (/usr/local/texlive/2022/texmf-dist/tex/generic/pgf/utilities/pgfkeysfiltered.code.tex
\pgfkeys@tmptoks=\toks20
))
\pgf@x=\dimen143
\pgf@y=\dimen144
\pgf@xa=\dimen145
\pgf@ya=\dimen146
\pgf@xb=\dimen147
\pgf@yb=\dimen148
\pgf@xc=\dimen149
\pgf@yc=\dimen150
\pgf@xd=\dimen151
\pgf@yd=\dimen152
\w@pgf@writea=\write3
\r@pgf@reada=\read2
\c@pgf@counta=\count193
\c@pgf@countb=\count194
\c@pgf@countc=\count195
\c@pgf@countd=\count196
\t@pgf@toka=\toks21
\t@pgf@tokb=\toks22
\t@pgf@tokc=\toks23
\pgf@sys@id@count=\count197
 (/usr/local/texlive/2022/texmf-dist/tex/generic/pgf/systemlayer/pgf.cfg
File: pgf.cfg 2021/05/15 v3.1.9a (3.1.9a)
)
Driver file for pgf: pgfsys-pdftex.def
 (/usr/local/texlive/2022/texmf-dist/tex/generic/pgf/systemlayer/pgfsys-pdftex.def
File: pgfsys-pdftex.def 2021/05/15 v3.1.9a (3.1.9a)
 (/usr/local/texlive/2022/texmf-dist/tex/generic/pgf/systemlayer/pgfsys-common-pdf.def
File: pgfsys-common-pdf.def 2021/05/15 v3.1.9a (3.1.9a)
))) (/usr/local/texlive/2022/texmf-dist/tex/generic/pgf/systemlayer/pgfsyssoftpath.code.tex
File: pgfsyssoftpath.code.tex 2021/05/15 v3.1.9a (3.1.9a)
\pgfsyssoftpath@smallbuffer@items=\count198
\pgfsyssoftpath@bigbuffer@items=\count199
) (/usr/local/texlive/2022/texmf-dist/tex/generic/pgf/systemlayer/pgfsysprotocol.code.tex
File: pgfsysprotocol.code.tex 2021/05/15 v3.1.9a (3.1.9a)
)) (/usr/local/texlive/2022/texmf-dist/tex/latex/xcolor/xcolor.sty
Package: xcolor 2021/10/31 v2.13 LaTeX color extensions (UK)
 (/usr/local/texlive/2022/texmf-dist/tex/latex/graphics-cfg/color.cfg
File: color.cfg 2016/01/02 v1.6 sample color configuration
)
Package xcolor Info: Driver file: pdftex.def on input line 227.
Package xcolor Info: Model `cmy' substituted by `cmy0' on input line 1352.
Package xcolor Info: Model `hsb' substituted by `rgb' on input line 1356.
Package xcolor Info: Model `RGB' extended on input line 1368.
Package xcolor Info: Model `HTML' substituted by `rgb' on input line 1370.
Package xcolor Info: Model `Hsb' substituted by `hsb' on input line 1371.
Package xcolor Info: Model `tHsb' substituted by `hsb' on input line 1372.
Package xcolor Info: Model `HSB' substituted by `hsb' on input line 1373.
Package xcolor Info: Model `Gray' substituted by `gray' on input line 1374.
Package xcolor Info: Model `wave' substituted by `hsb' on input line 1375.
) (/usr/local/texlive/2022/texmf-dist/tex/generic/pgf/basiclayer/pgfcore.code.tex
Package: pgfcore 2021/05/15 v3.1.9a (3.1.9a)
 (/usr/local/texlive/2022/texmf-dist/tex/generic/pgf/math/pgfmath.code.tex (/usr/local/texlive/2022/texmf-dist/tex/generic/pgf/math/pgfmathcalc.code.tex (/usr/local/texlive/2022/texmf-dist/tex/generic/pgf/math/pgfmathutil.code.tex) (/usr/local/texlive/2022/texmf-dist/tex/generic/pgf/math/pgfmathparser.code.tex
\pgfmath@dimen=\dimen153
\pgfmath@count=\count266
\pgfmath@box=\box51
\pgfmath@toks=\toks24
\pgfmath@stack@operand=\toks25
\pgfmath@stack@operation=\toks26
) (/usr/local/texlive/2022/texmf-dist/tex/generic/pgf/math/pgfmathfunctions.code.tex (/usr/local/texlive/2022/texmf-dist/tex/generic/pgf/math/pgfmathfunctions.basic.code.tex) (/usr/local/texlive/2022/texmf-dist/tex/generic/pgf/math/pgfmathfunctions.trigonometric.code.tex) (/usr/local/texlive/2022/texmf-dist/tex/generic/pgf/math/pgfmathfunctions.random.code.tex) (/usr/local/texlive/2022/texmf-dist/tex/generic/pgf/math/pgfmathfunctions.comparison.code.tex) (/usr/local/texlive/2022/texmf-dist/tex/generic/pgf/math/pgfmathfunctions.base.code.tex) (/usr/local/texlive/2022/texmf-dist/tex/generic/pgf/math/pgfmathfunctions.round.code.tex) (/usr/local/texlive/2022/texmf-dist/tex/generic/pgf/math/pgfmathfunctions.misc.code.tex) (/usr/local/texlive/2022/texmf-dist/tex/generic/pgf/math/pgfmathfunctions.integerarithmetics.code.tex))) (/usr/local/texlive/2022/texmf-dist/tex/generic/pgf/math/pgfmathfloat.code.tex
\c@pgfmathroundto@lastzeros=\count267
)) (/usr/local/texlive/2022/texmf-dist/tex/generic/pgf/math/pgfint.code.tex) (/usr/local/texlive/2022/texmf-dist/tex/generic/pgf/basiclayer/pgfcorepoints.code.tex
File: pgfcorepoints.code.tex 2021/05/15 v3.1.9a (3.1.9a)
\pgf@picminx=\dimen154
\pgf@picmaxx=\dimen155
\pgf@picminy=\dimen156
\pgf@picmaxy=\dimen157
\pgf@pathminx=\dimen158
\pgf@pathmaxx=\dimen159
\pgf@pathminy=\dimen160
\pgf@pathmaxy=\dimen161
\pgf@xx=\dimen162
\pgf@xy=\dimen163
\pgf@yx=\dimen164
\pgf@yy=\dimen165
\pgf@zx=\dimen166
\pgf@zy=\dimen167
) (/usr/local/texlive/2022/texmf-dist/tex/generic/pgf/basiclayer/pgfcorepathconstruct.code.tex
File: pgfcorepathconstruct.code.tex 2021/05/15 v3.1.9a (3.1.9a)
\pgf@path@lastx=\dimen168
\pgf@path@lasty=\dimen169
) (/usr/local/texlive/2022/texmf-dist/tex/generic/pgf/basiclayer/pgfcorepathusage.code.tex
File: pgfcorepathusage.code.tex 2021/05/15 v3.1.9a (3.1.9a)
\pgf@shorten@end@additional=\dimen170
\pgf@shorten@start@additional=\dimen171
) (/usr/local/texlive/2022/texmf-dist/tex/generic/pgf/basiclayer/pgfcorescopes.code.tex
File: pgfcorescopes.code.tex 2021/05/15 v3.1.9a (3.1.9a)
\pgfpic=\box52
\pgf@hbox=\box53
\pgf@layerbox@main=\box54
\pgf@picture@serial@count=\count268
) (/usr/local/texlive/2022/texmf-dist/tex/generic/pgf/basiclayer/pgfcoregraphicstate.code.tex
File: pgfcoregraphicstate.code.tex 2021/05/15 v3.1.9a (3.1.9a)
\pgflinewidth=\dimen172
) (/usr/local/texlive/2022/texmf-dist/tex/generic/pgf/basiclayer/pgfcoretransformations.code.tex
File: pgfcoretransformations.code.tex 2021/05/15 v3.1.9a (3.1.9a)
\pgf@pt@x=\dimen173
\pgf@pt@y=\dimen174
\pgf@pt@temp=\dimen175
) (/usr/local/texlive/2022/texmf-dist/tex/generic/pgf/basiclayer/pgfcorequick.code.tex
File: pgfcorequick.code.tex 2021/05/15 v3.1.9a (3.1.9a)
) (/usr/local/texlive/2022/texmf-dist/tex/generic/pgf/basiclayer/pgfcoreobjects.code.tex
File: pgfcoreobjects.code.tex 2021/05/15 v3.1.9a (3.1.9a)
) (/usr/local/texlive/2022/texmf-dist/tex/generic/pgf/basiclayer/pgfcorepathprocessing.code.tex
File: pgfcorepathprocessing.code.tex 2021/05/15 v3.1.9a (3.1.9a)
) (/usr/local/texlive/2022/texmf-dist/tex/generic/pgf/basiclayer/pgfcorearrows.code.tex
File: pgfcorearrows.code.tex 2021/05/15 v3.1.9a (3.1.9a)
\pgfarrowsep=\dimen176
) (/usr/local/texlive/2022/texmf-dist/tex/generic/pgf/basiclayer/pgfcoreshade.code.tex
File: pgfcoreshade.code.tex 2021/05/15 v3.1.9a (3.1.9a)
\pgf@max=\dimen177
\pgf@sys@shading@range@num=\count269
\pgf@shadingcount=\count270
) (/usr/local/texlive/2022/texmf-dist/tex/generic/pgf/basiclayer/pgfcoreimage.code.tex
File: pgfcoreimage.code.tex 2021/05/15 v3.1.9a (3.1.9a)
 (/usr/local/texlive/2022/texmf-dist/tex/generic/pgf/basiclayer/pgfcoreexternal.code.tex
File: pgfcoreexternal.code.tex 2021/05/15 v3.1.9a (3.1.9a)
\pgfexternal@startupbox=\box55
)) (/usr/local/texlive/2022/texmf-dist/tex/generic/pgf/basiclayer/pgfcorelayers.code.tex
File: pgfcorelayers.code.tex 2021/05/15 v3.1.9a (3.1.9a)
) (/usr/local/texlive/2022/texmf-dist/tex/generic/pgf/basiclayer/pgfcoretransparency.code.tex
File: pgfcoretransparency.code.tex 2021/05/15 v3.1.9a (3.1.9a)
) (/usr/local/texlive/2022/texmf-dist/tex/generic/pgf/basiclayer/pgfcorepatterns.code.tex
File: pgfcorepatterns.code.tex 2021/05/15 v3.1.9a (3.1.9a)
) (/usr/local/texlive/2022/texmf-dist/tex/generic/pgf/basiclayer/pgfcorerdf.code.tex
File: pgfcorerdf.code.tex 2021/05/15 v3.1.9a (3.1.9a)
))) (/usr/local/texlive/2022/texmf-dist/tex/generic/pgf/modules/pgfmoduleshapes.code.tex
File: pgfmoduleshapes.code.tex 2021/05/15 v3.1.9a (3.1.9a)
\pgfnodeparttextbox=\box56
) (/usr/local/texlive/2022/texmf-dist/tex/generic/pgf/modules/pgfmoduleplot.code.tex
File: pgfmoduleplot.code.tex 2021/05/15 v3.1.9a (3.1.9a)
) (/usr/local/texlive/2022/texmf-dist/tex/latex/pgf/compatibility/pgfcomp-version-0-65.sty
Package: pgfcomp-version-0-65 2021/05/15 v3.1.9a (3.1.9a)
\pgf@nodesepstart=\dimen178
\pgf@nodesepend=\dimen179
) (/usr/local/texlive/2022/texmf-dist/tex/latex/pgf/compatibility/pgfcomp-version-1-18.sty
Package: pgfcomp-version-1-18 2021/05/15 v3.1.9a (3.1.9a)
)) (/usr/local/texlive/2022/texmf-dist/tex/latex/tools/verbatim.sty
Package: verbatim 2020-07-07 v1.5u LaTeX2e package for verbatim enhancements
\every@verbatim=\toks27
\verbatim@line=\toks28
\verbatim@in@stream=\read3
) (/usr/local/texlive/2022/texmf-dist/tex/latex/environ/environ.sty
Package: environ 2014/05/04 v0.3 A new way to define environments
 (/usr/local/texlive/2022/texmf-dist/tex/latex/trimspaces/trimspaces.sty
Package: trimspaces 2009/09/17 v1.1 Trim spaces around a token list
)
\@envbody=\toks29
) (/usr/local/texlive/2022/texmf-dist/tex/latex/etoolbox/etoolbox.sty
Package: etoolbox 2020/10/05 v2.5k e-TeX tools for LaTeX (JAW)
\etb@tempcnta=\count271
)
\tcb@titlebox=\box57
\tcb@upperbox=\box58
\tcb@lowerbox=\box59
\tcb@phantombox=\box60
\c@tcbbreakpart=\count272
\c@tcblayer=\count273
\c@tcolorbox@number=\count274
\tcb@temp=\box61
\tcb@temp=\box62
\tcb@temp=\box63
\tcb@temp=\box64
) (/usr/local/texlive/2022/texmf-dist/tex/latex/pgf/frontendlayer/tikz.sty (/usr/local/texlive/2022/texmf-dist/tex/latex/pgf/utilities/pgffor.sty (/usr/local/texlive/2022/texmf-dist/tex/latex/pgf/utilities/pgfkeys.sty (/usr/local/texlive/2022/texmf-dist/tex/generic/pgf/utilities/pgfkeys.code.tex)) (/usr/local/texlive/2022/texmf-dist/tex/latex/pgf/math/pgfmath.sty (/usr/local/texlive/2022/texmf-dist/tex/generic/pgf/math/pgfmath.code.tex)) (/usr/local/texlive/2022/texmf-dist/tex/generic/pgf/utilities/pgffor.code.tex
Package: pgffor 2021/05/15 v3.1.9a (3.1.9a)
 (/usr/local/texlive/2022/texmf-dist/tex/generic/pgf/math/pgfmath.code.tex)
\pgffor@iter=\dimen180
\pgffor@skip=\dimen181
\pgffor@stack=\toks30
\pgffor@toks=\toks31
)) (/usr/local/texlive/2022/texmf-dist/tex/generic/pgf/frontendlayer/tikz/tikz.code.tex
Package: tikz 2021/05/15 v3.1.9a (3.1.9a)
 (/usr/local/texlive/2022/texmf-dist/tex/generic/pgf/libraries/pgflibraryplothandlers.code.tex
File: pgflibraryplothandlers.code.tex 2021/05/15 v3.1.9a (3.1.9a)
\pgf@plot@mark@count=\count275
\pgfplotmarksize=\dimen182
)
\tikz@lastx=\dimen183
\tikz@lasty=\dimen184
\tikz@lastxsaved=\dimen185
\tikz@lastysaved=\dimen186
\tikz@lastmovetox=\dimen187
\tikz@lastmovetoy=\dimen188
\tikzleveldistance=\dimen189
\tikzsiblingdistance=\dimen190
\tikz@figbox=\box65
\tikz@figbox@bg=\box66
\tikz@tempbox=\box67
\tikz@tempbox@bg=\box68
\tikztreelevel=\count276
\tikznumberofchildren=\count277
\tikznumberofcurrentchild=\count278
\tikz@fig@count=\count279
 (/usr/local/texlive/2022/texmf-dist/tex/generic/pgf/modules/pgfmodulematrix.code.tex
File: pgfmodulematrix.code.tex 2021/05/15 v3.1.9a (3.1.9a)
\pgfmatrixcurrentrow=\count280
\pgfmatrixcurrentcolumn=\count281
\pgf@matrix@numberofcolumns=\count282
)
\tikz@expandcount=\count283
 (/usr/local/texlive/2022/texmf-dist/tex/generic/pgf/frontendlayer/tikz/libraries/tikzlibrarytopaths.code.tex
File: tikzlibrarytopaths.code.tex 2021/05/15 v3.1.9a (3.1.9a)
))) (/usr/local/texlive/2022/texmf-dist/tex/latex/quantikz/tikzlibraryquantikz.code.tex (/usr/local/texlive/2022/texmf-dist/tex/latex/xargs/xargs.sty
Package: xargs 2008/03/22 v1.1  extended macro definitions  (mpg)
 (/usr/local/texlive/2022/texmf-dist/tex/latex/xkeyval/xkeyval.sty
Package: xkeyval 2020/11/20 v2.8 package option processing (HA)
 (/usr/local/texlive/2022/texmf-dist/tex/generic/xkeyval/xkeyval.tex (/usr/local/texlive/2022/texmf-dist/tex/generic/xkeyval/xkvutils.tex
\XKV@toks=\toks32
\XKV@tempa@toks=\toks33
)
\XKV@depth=\count284
File: xkeyval.tex 2014/12/03 v2.7a key=value parser (HA)
))
\xargs@max=\count285
\xargs@toksa=\toks34
\xargs@toksb=\toks35
) (/usr/local/texlive/2022/texmf-dist/tex/latex/base/ifthen.sty
Package: ifthen 2020/11/24 v1.1c Standard LaTeX ifthen package (DPC)
) (/usr/local/texlive/2022/texmf-dist/tex/generic/xstring/xstring.sty (/usr/local/texlive/2022/texmf-dist/tex/generic/xstring/xstring.tex
\integerpart=\count286
\decimalpart=\count287
)
Package: xstring 2021/07/21 v1.84 String manipulations (CT)
) (/usr/local/texlive/2022/texmf-dist/tex/latex/l3packages/xparse/xparse.sty (/usr/local/texlive/2022/texmf-dist/tex/latex/l3kernel/expl3.sty
Package: expl3 2022-02-24 L3 programming layer (loader) 
 (/usr/local/texlive/2022/texmf-dist/tex/latex/l3backend/l3backend-pdftex.def
File: l3backend-pdftex.def 2022-02-07 L3 backend support: PDF output (pdfTeX)
\l__color_backend_stack_int=\count288
\l__pdf_internal_box=\box69
))
Package: xparse 2022-01-12 L3 Experimental document command parser
) (/usr/local/texlive/2022/texmf-dist/tex/latex/mathtools/mathtools.sty
Package: mathtools 2022/02/07 v1.28a mathematical typesetting tools
 (/usr/local/texlive/2022/texmf-dist/tex/latex/tools/calc.sty
Package: calc 2017/05/25 v4.3 Infix arithmetic (KKT,FJ)
\calc@Acount=\count289
\calc@Bcount=\count290
\calc@Adimen=\dimen191
\calc@Bdimen=\dimen192
\calc@Askip=\skip49
\calc@Bskip=\skip50
LaTeX Info: Redefining \setlength on input line 80.
LaTeX Info: Redefining \addtolength on input line 81.
\calc@Ccount=\count291
\calc@Cskip=\skip51
) (/usr/local/texlive/2022/texmf-dist/tex/latex/mathtools/mhsetup.sty
Package: mhsetup 2021/03/18 v1.4 programming setup (MH)
) (/usr/local/texlive/2022/texmf-dist/tex/latex/amsmath/amsmath.sty
Package: amsmath 2021/10/15 v2.17l AMS math features
\@mathmargin=\skip52

For additional information on amsmath, use the `?' option.
(/usr/local/texlive/2022/texmf-dist/tex/latex/amsmath/amstext.sty
Package: amstext 2021/08/26 v2.01 AMS text
 (/usr/local/texlive/2022/texmf-dist/tex/latex/amsmath/amsgen.sty
File: amsgen.sty 1999/11/30 v2.0 generic functions
\@emptytoks=\toks36
\ex@=\dimen193
)) (/usr/local/texlive/2022/texmf-dist/tex/latex/amsmath/amsbsy.sty
Package: amsbsy 1999/11/29 v1.2d Bold Symbols
\pmbraise@=\dimen194
) (/usr/local/texlive/2022/texmf-dist/tex/latex/amsmath/amsopn.sty
Package: amsopn 2021/08/26 v2.02 operator names
)
\inf@bad=\count292
LaTeX Info: Redefining \frac on input line 234.
\uproot@=\count293
\leftroot@=\count294
LaTeX Info: Redefining \overline on input line 399.
\classnum@=\count295
\DOTSCASE@=\count296
LaTeX Info: Redefining \ldots on input line 496.
LaTeX Info: Redefining \dots on input line 499.
LaTeX Info: Redefining \cdots on input line 620.
\Mathstrutbox@=\box70
\strutbox@=\box71
\big@size=\dimen195
LaTeX Font Info:    Redeclaring font encoding OML on input line 743.
LaTeX Font Info:    Redeclaring font encoding OMS on input line 744.
\macc@depth=\count297
\c@MaxMatrixCols=\count298
\dotsspace@=\muskip16
\c@parentequation=\count299
\dspbrk@lvl=\count300
\tag@help=\toks37
\row@=\count301
\column@=\count302
\maxfields@=\count303
\andhelp@=\toks38
\eqnshift@=\dimen196
\alignsep@=\dimen197
\tagshift@=\dimen198
\tagwidth@=\dimen199
\totwidth@=\dimen256
\lineht@=\dimen257
\@envbody=\toks39
\multlinegap=\skip53
\multlinetaggap=\skip54
\mathdisplay@stack=\toks40
LaTeX Info: Redefining \[ on input line 2938.
LaTeX Info: Redefining \] on input line 2939.
)
\g_MT_multlinerow_int=\count304
\l_MT_multwidth_dim=\dimen258
\origjot=\skip55
\l_MT_shortvdotswithinadjustabove_dim=\dimen259
\l_MT_shortvdotswithinadjustbelow_dim=\dimen260
\l_MT_above_intertext_sep=\dimen261
\l_MT_below_intertext_sep=\dimen262
\l_MT_above_shortintertext_sep=\dimen263
\l_MT_below_shortintertext_sep=\dimen264
\xmathstrut@box=\box72
\xmathstrut@dim=\dimen265
) (/usr/local/texlive/2022/texmf-dist/tex/generic/tikz-cd/tikzlibrarycd.code.tex (/usr/local/texlive/2022/texmf-dist/tex/generic/pgf/frontendlayer/tikz/libraries/tikzlibrarymatrix.code.tex
File: tikzlibrarymatrix.code.tex 2021/05/15 v3.1.9a (3.1.9a)
) (/usr/local/texlive/2022/texmf-dist/tex/generic/pgf/frontendlayer/tikz/libraries/tikzlibraryquotes.code.tex
File: tikzlibraryquotes.code.tex 2021/05/15 v3.1.9a (3.1.9a)
) (/usr/local/texlive/2022/texmf-dist/tex/generic/pgf/libraries/pgflibraryarrows.meta.code.tex
File: pgflibraryarrows.meta.code.tex 2021/05/15 v3.1.9a (3.1.9a)
\pgfarrowinset=\dimen266
\pgfarrowlength=\dimen267
\pgfarrowwidth=\dimen268
\pgfarrowlinewidth=\dimen269
)) (/usr/local/texlive/2022/texmf-dist/tex/generic/pgf/frontendlayer/tikz/libraries/tikzlibrarydecorations.pathreplacing.code.tex (/usr/local/texlive/2022/texmf-dist/tex/generic/pgf/frontendlayer/tikz/libraries/tikzlibrarydecorations.code.tex (/usr/local/texlive/2022/texmf-dist/tex/generic/pgf/modules/pgfmoduledecorations.code.tex
\pgfdecoratedcompleteddistance=\dimen270
\pgfdecoratedremainingdistance=\dimen271
\pgfdecoratedinputsegmentcompleteddistance=\dimen272
\pgfdecoratedinputsegmentremainingdistance=\dimen273
\pgf@decorate@distancetomove=\dimen274
\pgf@decorate@repeatstate=\count305
\pgfdecorationsegmentamplitude=\dimen275
\pgfdecorationsegmentlength=\dimen276
)
\tikz@lib@dec@box=\box73
) (/usr/local/texlive/2022/texmf-dist/tex/generic/pgf/libraries/decorations/pgflibrarydecorations.pathreplacing.code.tex)) (/usr/local/texlive/2022/texmf-dist/tex/generic/pgf/frontendlayer/tikz/libraries/tikzlibrarycalc.code.tex
File: tikzlibrarycalc.code.tex 2021/05/15 v3.1.9a (3.1.9a)
) (/usr/local/texlive/2022/texmf-dist/tex/generic/pgf/frontendlayer/tikz/libraries/tikzlibrarypositioning.code.tex
File: tikzlibrarypositioning.code.tex 2021/05/15 v3.1.9a (3.1.9a)
) (/usr/local/texlive/2022/texmf-dist/tex/generic/pgf/frontendlayer/tikz/libraries/tikzlibraryfit.code.tex
File: tikzlibraryfit.code.tex 2021/05/15 v3.1.9a (3.1.9a)
) (/usr/local/texlive/2022/texmf-dist/tex/generic/pgf/frontendlayer/tikz/libraries/tikzlibraryshapes.symbols.code.tex
File: tikzlibraryshapes.symbols.code.tex 2021/05/15 v3.1.9a (3.1.9a)
 (/usr/local/texlive/2022/texmf-dist/tex/generic/pgf/libraries/shapes/pgflibraryshapes.symbols.code.tex
File: pgflibraryshapes.symbols.code.tex 2021/05/15 v3.1.9a (3.1.9a)
)) (/usr/local/texlive/2022/texmf-dist/tex/generic/pgf/frontendlayer/tikz/libraries/tikzlibrarydecorations.pathmorphing.code.tex (/usr/local/texlive/2022/texmf-dist/tex/generic/pgf/libraries/decorations/pgflibrarydecorations.pathmorphing.code.tex)) (/usr/local/texlive/2022/texmf-dist/tex/generic/pgf/frontendlayer/tikz/libraries/tikzlibraryshapes.misc.code.tex
File: tikzlibraryshapes.misc.code.tex 2021/05/15 v3.1.9a (3.1.9a)
 (/usr/local/texlive/2022/texmf-dist/tex/generic/pgf/libraries/shapes/pgflibraryshapes.misc.code.tex
File: pgflibraryshapes.misc.code.tex 2021/05/15 v3.1.9a (3.1.9a)
)) (/usr/local/texlive/2022/texmf-dist/tex/generic/pgf/frontendlayer/tikz/libraries/tikzlibrarybackgrounds.code.tex
File: tikzlibrarybackgrounds.code.tex 2021/05/15 v3.1.9a (3.1.9a)
\pgf@layerbox@background=\box74
\pgf@layerboxsaved@background=\box75
) (/usr/local/texlive/2022/texmf-dist/tex/generic/pgf/frontendlayer/tikz/libraries/tikzlibrarydecorations.markings.code.tex (/usr/local/texlive/2022/texmf-dist/tex/generic/pgf/libraries/decorations/pgflibrarydecorations.markings.code.tex)) (/usr/local/texlive/2022/texmf-dist/tex/generic/pgf/frontendlayer/tikz/libraries/tikzlibrarymath.code.tex (/usr/local/texlive/2022/texmf-dist/tex/generic/pgf/frontendlayer/tikz/libraries/tikzlibraryfpu.code.tex (/usr/local/texlive/2022/texmf-dist/tex/generic/pgf/libraries/pgflibraryfpu.code.tex))
\tikz@math@for@depth=\count306
\tikz@math@dimen=\dimen277
\tikz@math@toks=\toks41
)
\myl=\skip56
\myh=\skip57
\myd=\skip58
\c@aaa=\count307
) (/usr/local/texlive/2022/texmf-dist/tex/latex/mdframed/mdframed.sty
Package: mdframed 2013/07/01 1.9b: mdframed
 (/usr/local/texlive/2022/texmf-dist/tex/latex/kvoptions/kvoptions.sty
Package: kvoptions 2020-10-07 v3.14 Key value format for package options (HO)
 (/usr/local/texlive/2022/texmf-dist/tex/generic/ltxcmds/ltxcmds.sty
Package: ltxcmds 2020-05-10 v1.25 LaTeX kernel commands for general use (HO)
) (/usr/local/texlive/2022/texmf-dist/tex/generic/kvsetkeys/kvsetkeys.sty
Package: kvsetkeys 2019/12/15 v1.18 Key value parser (HO)
)) (/usr/local/texlive/2022/texmf-dist/tex/latex/zref/zref-abspage.sty
Package: zref-abspage 2020-07-03 v2.32 Module abspage for zref (HO)
 (/usr/local/texlive/2022/texmf-dist/tex/latex/zref/zref-base.sty
Package: zref-base 2020-07-03 v2.32 Module base for zref (HO)
 (/usr/local/texlive/2022/texmf-dist/tex/generic/infwarerr/infwarerr.sty
Package: infwarerr 2019/12/03 v1.5 Providing info/warning/error messages (HO)
) (/usr/local/texlive/2022/texmf-dist/tex/generic/kvdefinekeys/kvdefinekeys.sty
Package: kvdefinekeys 2019-12-19 v1.6 Define keys (HO)
) (/usr/local/texlive/2022/texmf-dist/tex/generic/pdftexcmds/pdftexcmds.sty
Package: pdftexcmds 2020-06-27 v0.33 Utility functions of pdfTeX for LuaTeX (HO)
 (/usr/local/texlive/2022/texmf-dist/tex/generic/iftex/iftex.sty
Package: iftex 2022/02/03 v1.0f TeX engine tests
)
Package pdftexcmds Info: \pdf@primitive is available.
Package pdftexcmds Info: \pdf@ifprimitive is available.
Package pdftexcmds Info: \pdfdraftmode found.
) (/usr/local/texlive/2022/texmf-dist/tex/generic/etexcmds/etexcmds.sty
Package: etexcmds 2019/12/15 v1.7 Avoid name clashes with e-TeX commands (HO)
) (/usr/local/texlive/2022/texmf-dist/tex/latex/auxhook/auxhook.sty
Package: auxhook 2019-12-17 v1.6 Hooks for auxiliary files (HO)
)
Package zref Info: New property list: main on input line 764.
Package zref Info: New property: default on input line 765.
Package zref Info: New property: page on input line 766.
) (/usr/local/texlive/2022/texmf-dist/tex/latex/base/atbegshi-ltx.sty
Package: atbegshi-ltx 2021/01/10 v1.0c Emulation of the original atbegshi
package with kernel methods
)
\c@abspage=\count308
Package zref Info: New property: abspage on input line 66.
) (/usr/local/texlive/2022/texmf-dist/tex/latex/needspace/needspace.sty
Package: needspace 2010/09/12 v1.3d reserve vertical space
)
\mdf@templength=\skip59
\c@mdf@globalstyle@cnt=\count309
\mdf@skipabove@length=\skip60
\mdf@skipbelow@length=\skip61
\mdf@leftmargin@length=\skip62
\mdf@rightmargin@length=\skip63
\mdf@innerleftmargin@length=\skip64
\mdf@innerrightmargin@length=\skip65
\mdf@innertopmargin@length=\skip66
\mdf@innerbottommargin@length=\skip67
\mdf@splittopskip@length=\skip68
\mdf@splitbottomskip@length=\skip69
\mdf@outermargin@length=\skip70
\mdf@innermargin@length=\skip71
\mdf@linewidth@length=\skip72
\mdf@innerlinewidth@length=\skip73
\mdf@middlelinewidth@length=\skip74
\mdf@outerlinewidth@length=\skip75
\mdf@roundcorner@length=\skip76
\mdf@footenotedistance@length=\skip77
\mdf@userdefinedwidth@length=\skip78
\mdf@needspace@length=\skip79
\mdf@frametitleaboveskip@length=\skip80
\mdf@frametitlebelowskip@length=\skip81
\mdf@frametitlerulewidth@length=\skip82
\mdf@frametitleleftmargin@length=\skip83
\mdf@frametitlerightmargin@length=\skip84
\mdf@shadowsize@length=\skip85
\mdf@extratopheight@length=\skip86
\mdf@subtitleabovelinewidth@length=\skip87
\mdf@subtitlebelowlinewidth@length=\skip88
\mdf@subtitleaboveskip@length=\skip89
\mdf@subtitlebelowskip@length=\skip90
\mdf@subtitleinneraboveskip@length=\skip91
\mdf@subtitleinnerbelowskip@length=\skip92
\mdf@subsubtitleabovelinewidth@length=\skip93
\mdf@subsubtitlebelowlinewidth@length=\skip94
\mdf@subsubtitleaboveskip@length=\skip95
\mdf@subsubtitlebelowskip@length=\skip96
\mdf@subsubtitleinneraboveskip@length=\skip97
\mdf@subsubtitleinnerbelowskip@length=\skip98
 (/usr/local/texlive/2022/texmf-dist/tex/latex/mdframed/md-frame-0.mdf
File: md-frame-0.mdf 2013/07/01\ 1.9b: md-frame-0
)
\mdf@frametitlebox=\box76
\mdf@footnotebox=\box77
\mdf@splitbox@one=\box78
\mdf@splitbox@two=\box79
\mdf@splitbox@save=\box80
\mdfsplitboxwidth=\skip99
\mdfsplitboxtotalwidth=\skip100
\mdfsplitboxheight=\skip101
\mdfsplitboxdepth=\skip102
\mdfsplitboxtotalheight=\skip103
\mdfframetitleboxwidth=\skip104
\mdfframetitleboxtotalwidth=\skip105
\mdfframetitleboxheight=\skip106
\mdfframetitleboxdepth=\skip107
\mdfframetitleboxtotalheight=\skip108
\mdffootnoteboxwidth=\skip109
\mdffootnoteboxtotalwidth=\skip110
\mdffootnoteboxheight=\skip111
\mdffootnoteboxdepth=\skip112
\mdffootnoteboxtotalheight=\skip113
\mdftotallinewidth=\skip114
\mdfboundingboxwidth=\skip115
\mdfboundingboxtotalwidth=\skip116
\mdfboundingboxheight=\skip117
\mdfboundingboxdepth=\skip118
\mdfboundingboxtotalheight=\skip119
\mdf@freevspace@length=\skip120
\mdf@horizontalwidthofbox@length=\skip121
\mdf@verticalmarginwhole@length=\skip122
\mdf@horizontalspaceofbox=\skip123
\mdfsubtitleheight=\skip124
\mdfsubsubtitleheight=\skip125
\c@mdfcountframes=\count310

****** mdframed patching \endmdf@trivlist

****** -- success******

\mdf@envdepth=\count311
\c@mdf@env@i=\count312
\c@mdf@env@ii=\count313
\c@mdf@zref@counter=\count314
Package zref Info: New property: mdf@pagevalue on input line 895.
)) (/usr/local/texlive/2022/texmf-dist/tex/latex/amsfonts/amssymb.sty
Package: amssymb 2013/01/14 v3.01 AMS font symbols
 (/usr/local/texlive/2022/texmf-dist/tex/latex/amsfonts/amsfonts.sty
Package: amsfonts 2013/01/14 v3.01 Basic AMSFonts support
\symAMSa=\mathgroup4
\symAMSb=\mathgroup5
LaTeX Font Info:    Redeclaring math symbol \hbar on input line 98.
LaTeX Font Info:    Overwriting math alphabet `\mathfrak' in version `bold'
(Font)                  U/euf/m/n --> U/euf/b/n on input line 106.
)) (/usr/local/texlive/2022/texmf-dist/tex/latex/tools/bm.sty
Package: bm 2021/04/25 v1.2e Bold Symbol Support (DPC/FMi)
\symboldoperators=\mathgroup6
\symboldletters=\mathgroup7
\symboldsymbols=\mathgroup8
Package bm Info: No bold for \OMX/cmex/m/n, using \pmb.
Package bm Info: No bold for \U/msa/m/n, using \pmb.
Package bm Info: No bold for \U/msb/m/n, using \pmb.
LaTeX Font Info:    Redeclaring math alphabet \mathbf on input line 149.
) (/usr/local/texlive/2022/texmf-dist/tex/latex/pdfpages/pdfpages.sty
Package: pdfpages 2022/01/29 v0.5u Insert pages of external PDF documents (AM)
 (/usr/local/texlive/2022/texmf-dist/tex/latex/eso-pic/eso-pic.sty
Package: eso-pic 2020/10/14 v3.0a eso-pic (RN)
\ESO@tempdima=\dimen278
\ESO@tempdimb=\dimen279
)
\AM@pagewidth=\dimen280
\AM@pageheight=\dimen281
\AM@fboxrule=\dimen282
 (/usr/local/texlive/2022/texmf-dist/tex/latex/pdfpages/pppdftex.def
File: pppdftex.def 2022/01/29 v0.5u Pdfpages driver for pdfTeX (AM)
)
\pdfpages@includegraphics@status=\count315
\AM@pagebox=\box81
\AM@global@opts=\toks42
\AM@pagecnt=\count316
\AM@toc@title=\toks43
\c@AM@survey=\count317
\AM@templatesizebox=\box82
) (/usr/local/texlive/2022/texmf-dist/tex/latex/tools/array.sty
Package: array 2021/10/04 v2.5f Tabular extension package (FMi)
\col@sep=\dimen283
\ar@mcellbox=\box83
\extrarowheight=\dimen284
\NC@list=\toks44
\extratabsurround=\skip126
\backup@length=\skip127
\ar@cellbox=\box84
) (./main.aux)
\openout1 = `main.aux'.

LaTeX Font Info:    Checking defaults for OML/cmm/m/it on input line 38.
LaTeX Font Info:    ... okay on input line 38.
LaTeX Font Info:    Checking defaults for OMS/cmsy/m/n on input line 38.
LaTeX Font Info:    ... okay on input line 38.
LaTeX Font Info:    Checking defaults for OT1/cmr/m/n on input line 38.
LaTeX Font Info:    ... okay on input line 38.
LaTeX Font Info:    Checking defaults for T1/cmr/m/n on input line 38.
LaTeX Font Info:    ... okay on input line 38.
LaTeX Font Info:    Checking defaults for TS1/cmr/m/n on input line 38.
LaTeX Font Info:    ... okay on input line 38.
LaTeX Font Info:    Checking defaults for OMX/cmex/m/n on input line 38.
LaTeX Font Info:    ... okay on input line 38.
LaTeX Font Info:    Checking defaults for U/cmr/m/n on input line 38.
LaTeX Font Info:    ... okay on input line 38.
 (/usr/local/texlive/2022/texmf-dist/tex/context/base/mkii/supp-pdf.mkii
[Loading MPS to PDF converter (version 2006.09.02).]
\scratchcounter=\count318
\scratchdimen=\dimen285
\scratchbox=\box85
\nofMPsegments=\count319
\nofMParguments=\count320
\everyMPshowfont=\toks45
\MPscratchCnt=\count321
\MPscratchDim=\dimen286
\MPnumerator=\count322
\makeMPintoPDFobject=\count323
\everyMPtoPDFconversion=\toks46
) (/usr/local/texlive/2022/texmf-dist/tex/latex/epstopdf-pkg/epstopdf-base.sty
Package: epstopdf-base 2020-01-24 v2.11 Base part for package epstopdf
Package epstopdf-base Info: Redefining graphics rule for `.eps' on input line 485.
 (/usr/local/texlive/2022/texmf-dist/tex/latex/latexconfig/epstopdf-sys.cfg
File: epstopdf-sys.cfg 2010/07/13 v1.3 Configuration of (r)epstopdf for TeX Live
)) (/usr/local/texlive/2022/texmf-dist/tex/latex/pdflscape/pdflscape.sty
Package: pdflscape 2019/12/05 v0.12 Display of landscape pages in PDF (HO)
 (/usr/local/texlive/2022/texmf-dist/tex/latex/graphics/lscape.sty
Package: lscape 2020/05/28 v3.02 Landscape Pages (DPC)
)
Package pdflscape Info: Auto-detected driver: pdftex on input line 81.
)
<./1a//1a000.png, id=4, 377.41pt x 138.5175pt>
File: ./1a//1a000.png Graphic file (type png)
<use ./1a//1a000.png>
Package pdftex.def Info: ./1a//1a000.png  used on input line 47.
(pdftex.def)             Requested size: 188.70453pt x 69.25858pt.
<./1a//1a000-out.png, id=5, 505.89pt x 361.35pt>
File: ./1a//1a000-out.png Graphic file (type png)
<use ./1a//1a000-out.png>
Package pdftex.def Info: ./1a//1a000-out.png  used on input line 49.
(pdftex.def)             Requested size: 252.94437pt x 180.67456pt.
File: ./1a//1a000.png Graphic file (type png)
<use ./1a//1a000.png>
Package pdftex.def Info: ./1a//1a000.png  used on input line 51.
(pdftex.def)             Requested size: 188.70453pt x 69.25858pt.
File: ./1a//1a000-out.png Graphic file (type png)
<use ./1a//1a000-out.png>
Package pdftex.def Info: ./1a//1a000-out.png  used on input line 53.
(pdftex.def)             Requested size: 252.94437pt x 180.67456pt.
<./1a//1a001.png, id=7, 426.59375pt x 138.5175pt>
File: ./1a//1a001.png Graphic file (type png)
<use ./1a//1a001.png>
Package pdftex.def Info: ./1a//1a001.png  used on input line 55.
(pdftex.def)             Requested size: 213.29634pt x 69.25858pt.
<./1a//1a001-out.png, id=8, 505.89pt x 361.35pt>
File: ./1a//1a001-out.png Graphic file (type png)
<use ./1a//1a001-out.png>
Package pdftex.def Info: ./1a//1a001-out.png  used on input line 57.
(pdftex.def)             Requested size: 252.94437pt x 180.67456pt.
<./1a//1a010.png, id=9, 426.59375pt x 138.5175pt>
File: ./1a//1a010.png Graphic file (type png)
<use ./1a//1a010.png>
Package pdftex.def Info: ./1a//1a010.png  used on input line 59.
(pdftex.def)             Requested size: 213.29634pt x 69.25858pt.
<./1a//1a010-out.png, id=10, 505.89pt x 361.35pt>
File: ./1a//1a010-out.png Graphic file (type png)
<use ./1a//1a010-out.png>
Package pdftex.def Info: ./1a//1a010-out.png  used on input line 61.
(pdftex.def)             Requested size: 252.94437pt x 180.67456pt.
<./1a//1a011.png, id=11, 426.59375pt x 138.5175pt>
File: ./1a//1a011.png Graphic file (type png)
<use ./1a//1a011.png>
Package pdftex.def Info: ./1a//1a011.png  used on input line 63.
(pdftex.def)             Requested size: 213.29634pt x 69.25858pt.
<./1a//1a011-out.png, id=12, 505.89pt x 361.35pt>
File: ./1a//1a011-out.png Graphic file (type png)
<use ./1a//1a011-out.png>
Package pdftex.def Info: ./1a//1a011-out.png  used on input line 65.
(pdftex.def)             Requested size: 252.94437pt x 180.67456pt.
<./1a//1a100.png, id=13, 426.59375pt x 138.5175pt>
File: ./1a//1a100.png Graphic file (type png)
<use ./1a//1a100.png>
Package pdftex.def Info: ./1a//1a100.png  used on input line 67.
(pdftex.def)             Requested size: 213.29634pt x 69.25858pt.
<./1a//1a100-out.png, id=14, 505.89pt x 361.35pt>
File: ./1a//1a100-out.png Graphic file (type png)
<use ./1a//1a100-out.png>
Package pdftex.def Info: ./1a//1a100-out.png  used on input line 69.
(pdftex.def)             Requested size: 252.94437pt x 180.67456pt.
<./1a//1a101.png, id=15, 426.59375pt x 138.5175pt>
File: ./1a//1a101.png Graphic file (type png)
<use ./1a//1a101.png>
Package pdftex.def Info: ./1a//1a101.png  used on input line 71.
(pdftex.def)             Requested size: 213.29634pt x 69.25858pt.
<./1a//1a101-out.png, id=16, 505.89pt x 361.35pt>
File: ./1a//1a101-out.png Graphic file (type png)
<use ./1a//1a101-out.png>
Package pdftex.def Info: ./1a//1a101-out.png  used on input line 73.
(pdftex.def)             Requested size: 252.94437pt x 180.67456pt.
<./1a//1a110.png, id=17, 426.59375pt x 138.5175pt>
File: ./1a//1a110.png Graphic file (type png)
<use ./1a//1a110.png>
Package pdftex.def Info: ./1a//1a110.png  used on input line 75.
(pdftex.def)             Requested size: 213.29634pt x 69.25858pt.
<./1a//1a110-out.png, id=18, 505.89pt x 361.35pt>
File: ./1a//1a110-out.png Graphic file (type png)
<use ./1a//1a110-out.png>
Package pdftex.def Info: ./1a//1a110-out.png  used on input line 77.
(pdftex.def)             Requested size: 252.94437pt x 180.67456pt.
<./1a//1a111.png, id=19, 426.59375pt x 138.5175pt>
File: ./1a//1a111.png Graphic file (type png)
<use ./1a//1a111.png>
Package pdftex.def Info: ./1a//1a111.png  used on input line 79.
(pdftex.def)             Requested size: 213.29634pt x 69.25858pt.
<./1a//1a111-out.png, id=20, 505.89pt x 361.35pt>
File: ./1a//1a111-out.png Graphic file (type png)
<use ./1a//1a111-out.png>
Package pdftex.def Info: ./1a//1a111-out.png  used on input line 81.
(pdftex.def)             Requested size: 252.94437pt x 180.67456pt.

Underfull \hbox (badness 10000) in paragraph at lines 81--82

 []

LaTeX Font Info:    Trying to load font information for U+msa on input line 83.
(/usr/local/texlive/2022/texmf-dist/tex/latex/amsfonts/umsa.fd
File: umsa.fd 2013/01/14 v3.01 AMS symbols A
)
LaTeX Font Info:    Trying to load font information for U+msb on input line 83.
 (/usr/local/texlive/2022/texmf-dist/tex/latex/amsfonts/umsb.fd
File: umsb.fd 2013/01/14 v3.01 AMS symbols B
) [1

{/usr/local/texlive/2022/texmf-var/fonts/map/pdftex/updmap/pdftex.map} <./1a//1a000.png (PNG copy)> <./1a//1a000-out.png>] [2 <./1a//1a001.png (PNG copy)> <./1a//1a001-out.png> <./1a//1a010.png (PNG copy)>] [3 <./1a//1a010-out.png> <./1a//1a011.png (PNG copy)> <./1a//1a011-out.png> <./1a//1a100.png (PNG copy)>] [4 <./1a//1a100-out.png> <./1a//1a101.png (PNG copy)> <./1a//1a101-out.png> <./1a//1a110.png (PNG copy)>]
Package mdframed Info: Box was splittet wrong
 starting loop to iterate the splitting point
(mdframed)              on input line 99.
 [5 <./1a//1a110-out.png> <./1a//1a111.png (PNG copy)> <./1a//1a111-out.png>]
<./1b//a100.png, id=49, 391.4625pt x 105.39375pt>
File: ./1b//a100.png Graphic file (type png)
<use ./1b//a100.png>
Package pdftex.def Info: ./1b//a100.png  used on input line 102.
(pdftex.def)             Requested size: 195.73076pt x 52.69673pt.
<./1b//a100-out.png, id=50, 505.89pt x 361.35pt>
File: ./1b//a100-out.png Graphic file (type png)
<use ./1b//a100-out.png>
Package pdftex.def Info: ./1b//a100-out.png  used on input line 104.
(pdftex.def)             Requested size: 252.94437pt x 180.67456pt.
<./1b//a200.png, id=51, 316.18124pt x 105.39375pt>
File: ./1b//a200.png Graphic file (type png)
<use ./1b//a200.png>
Package pdftex.def Info: ./1b//a200.png  used on input line 106.
(pdftex.def)             Requested size: 158.09023pt x 52.69673pt.
<./1b//a200-out.png, id=52, 505.89pt x 361.35pt>
File: ./1b//a200-out.png Graphic file (type png)
<use ./1b//a200-out.png>
Package pdftex.def Info: ./1b//a200-out.png  used on input line 108.
(pdftex.def)             Requested size: 252.94437pt x 180.67456pt.
<./1b//a101.png, id=53, 440.64626pt x 105.39375pt>
File: ./1b//a101.png Graphic file (type png)
<use ./1b//a101.png>
Package pdftex.def Info: ./1b//a101.png  used on input line 110.
(pdftex.def)             Requested size: 220.32259pt x 52.69673pt.
<./1b//a101-out.png, id=54, 505.89pt x 361.35pt>
File: ./1b//a101-out.png Graphic file (type png)
<use ./1b//a101-out.png>
Package pdftex.def Info: ./1b//a101-out.png  used on input line 112.
(pdftex.def)             Requested size: 252.94437pt x 180.67456pt.
<./1b//a201.png, id=55, 365.365pt x 105.39375pt>
File: ./1b//a201.png Graphic file (type png)
<use ./1b//a201.png>
Package pdftex.def Info: ./1b//a201.png  used on input line 114.
(pdftex.def)             Requested size: 182.68205pt x 52.69673pt.
<./1b//a201-out.png, id=56, 505.89pt x 361.35pt>
File: ./1b//a201-out.png Graphic file (type png)
<use ./1b//a201-out.png>
Package pdftex.def Info: ./1b//a201-out.png  used on input line 116.
(pdftex.def)             Requested size: 252.94437pt x 180.67456pt.
<./1b//a110.png, id=57, 440.64626pt x 105.39375pt>
File: ./1b//a110.png Graphic file (type png)
<use ./1b//a110.png>
Package pdftex.def Info: ./1b//a110.png  used on input line 118.
(pdftex.def)             Requested size: 220.32259pt x 52.69673pt.
<./1b//a110-out.png, id=58, 505.89pt x 361.35pt>
File: ./1b//a110-out.png Graphic file (type png)
<use ./1b//a110-out.png>
Package pdftex.def Info: ./1b//a110-out.png  used on input line 120.
(pdftex.def)             Requested size: 252.94437pt x 180.67456pt.
<./1b//a210.png, id=59, 365.365pt x 105.39375pt>
File: ./1b//a210.png Graphic file (type png)
<use ./1b//a210.png>
Package pdftex.def Info: ./1b//a210.png  used on input line 122.
(pdftex.def)             Requested size: 182.68205pt x 52.69673pt.
<./1b//a210-out.png, id=60, 505.89pt x 361.35pt>
File: ./1b//a210-out.png Graphic file (type png)
<use ./1b//a210-out.png>
Package pdftex.def Info: ./1b//a210-out.png  used on input line 124.
(pdftex.def)             Requested size: 252.94437pt x 180.67456pt.
<./1b//a111.png, id=61, 440.64626pt x 105.39375pt>
File: ./1b//a111.png Graphic file (type png)
<use ./1b//a111.png>
Package pdftex.def Info: ./1b//a111.png  used on input line 126.
(pdftex.def)             Requested size: 220.32259pt x 52.69673pt.
<./1b//a111-out.png, id=62, 505.89pt x 361.35pt>
File: ./1b//a111-out.png Graphic file (type png)
<use ./1b//a111-out.png>
Package pdftex.def Info: ./1b//a111-out.png  used on input line 128.
(pdftex.def)             Requested size: 252.94437pt x 180.67456pt.
<./1b//a211.png, id=63, 365.365pt x 105.39375pt>
File: ./1b//a211.png Graphic file (type png)
<use ./1b//a211.png>
Package pdftex.def Info: ./1b//a211.png  used on input line 130.
(pdftex.def)             Requested size: 182.68205pt x 52.69673pt.
<./1b//a211-out.png, id=64, 505.89pt x 361.35pt>
File: ./1b//a211-out.png Graphic file (type png)
<use ./1b//a211-out.png>
Package pdftex.def Info: ./1b//a211-out.png  used on input line 132.
(pdftex.def)             Requested size: 252.94437pt x 180.67456pt.
 [6 <./1b//a100.png (PNG copy)> <./1b//a100-out.png> <./1b//a200.png (PNG copy)>] [7 <./1b//a200-out.png> <./1b//a101.png (PNG copy)> <./1b//a101-out.png> <./1b//a201.png (PNG copy)>] [8 <./1b//a201-out.png> <./1b//a110.png (PNG copy)> <./1b//a110-out.png> <./1b//a210.png (PNG copy)>] [9 <./1b//a210-out.png> <./1b//a111.png (PNG copy)> <./1b//a111-out.png> <./1b//a211.png (PNG copy)>]
<./1b//b100.png, id=85, 388.45125pt x 105.39375pt>
File: ./1b//b100.png Graphic file (type png)
<use ./1b//b100.png>
Package pdftex.def Info: ./1b//b100.png  used on input line 150.
(pdftex.def)             Requested size: 194.22514pt x 52.69673pt.
<./1b//b100-out.png, id=86, 505.89pt x 361.35pt>
File: ./1b//b100-out.png Graphic file (type png)
<use ./1b//b100-out.png>
Package pdftex.def Info: ./1b//b100-out.png  used on input line 152.
(pdftex.def)             Requested size: 252.94437pt x 180.67456pt.
<./1b//b200.png, id=87, 313.17pt x 105.39375pt>
File: ./1b//b200.png Graphic file (type png)
<use ./1b//b200.png>
Package pdftex.def Info: ./1b//b200.png  used on input line 154.
(pdftex.def)             Requested size: 156.58461pt x 52.69673pt.
<./1b//b200-out.png, id=88, 505.89pt x 361.35pt>
File: ./1b//b200-out.png Graphic file (type png)
<use ./1b//b200-out.png>
Package pdftex.def Info: ./1b//b200-out.png  used on input line 156.
(pdftex.def)             Requested size: 252.94437pt x 180.67456pt.
<./1b//b101.png, id=89, 437.635pt x 105.39375pt>
File: ./1b//b101.png Graphic file (type png)
<use ./1b//b101.png>
Package pdftex.def Info: ./1b//b101.png  used on input line 158.
(pdftex.def)             Requested size: 218.81696pt x 52.69673pt.
<./1b//b101-out.png, id=90, 505.89pt x 361.35pt>
File: ./1b//b101-out.png Graphic file (type png)
<use ./1b//b101-out.png>
Package pdftex.def Info: ./1b//b101-out.png  used on input line 160.
(pdftex.def)             Requested size: 252.94437pt x 180.67456pt.
<./1b//b201.png, id=91, 362.35374pt x 105.39375pt>
File: ./1b//b201.png Graphic file (type png)
<use ./1b//b201.png>
Package pdftex.def Info: ./1b//b201.png  used on input line 162.
(pdftex.def)             Requested size: 181.17642pt x 52.69673pt.
<./1b//b201-out.png, id=92, 505.89pt x 361.35pt>
File: ./1b//b201-out.png Graphic file (type png)
<use ./1b//b201-out.png>
Package pdftex.def Info: ./1b//b201-out.png  used on input line 164.
(pdftex.def)             Requested size: 252.94437pt x 180.67456pt.
<./1b//b110.png, id=93, 437.635pt x 105.39375pt>
File: ./1b//b110.png Graphic file (type png)
<use ./1b//b110.png>
Package pdftex.def Info: ./1b//b110.png  used on input line 166.
(pdftex.def)             Requested size: 218.81696pt x 52.69673pt.
<./1b//b110-out.png, id=94, 505.89pt x 361.35pt>
File: ./1b//b110-out.png Graphic file (type png)
<use ./1b//b110-out.png>
Package pdftex.def Info: ./1b//b110-out.png  used on input line 168.
(pdftex.def)             Requested size: 252.94437pt x 180.67456pt.
<./1b//b210.png, id=95, 362.35374pt x 105.39375pt>
File: ./1b//b210.png Graphic file (type png)
<use ./1b//b210.png>
Package pdftex.def Info: ./1b//b210.png  used on input line 170.
(pdftex.def)             Requested size: 181.17642pt x 52.69673pt.
<./1b//b210-out.png, id=96, 505.89pt x 361.35pt>
File: ./1b//b210-out.png Graphic file (type png)
<use ./1b//b210-out.png>
Package pdftex.def Info: ./1b//b210-out.png  used on input line 172.
(pdftex.def)             Requested size: 252.94437pt x 180.67456pt.
<./1b//b111.png, id=97, 437.635pt x 105.39375pt>
File: ./1b//b111.png Graphic file (type png)
<use ./1b//b111.png>
Package pdftex.def Info: ./1b//b111.png  used on input line 174.
(pdftex.def)             Requested size: 218.81696pt x 52.69673pt.
<./1b//b111-out.png, id=98, 505.89pt x 361.35pt>
File: ./1b//b111-out.png Graphic file (type png)
<use ./1b//b111-out.png>
Package pdftex.def Info: ./1b//b111-out.png  used on input line 176.
(pdftex.def)             Requested size: 252.94437pt x 180.67456pt.
<./1b//b211.png, id=99, 362.35374pt x 105.39375pt>
File: ./1b//b211.png Graphic file (type png)
<use ./1b//b211.png>
Package pdftex.def Info: ./1b//b211.png  used on input line 178.
(pdftex.def)             Requested size: 181.17642pt x 52.69673pt.
<./1b//b211-out.png, id=100, 505.89pt x 361.35pt>
File: ./1b//b211-out.png Graphic file (type png)
<use ./1b//b211-out.png>
Package pdftex.def Info: ./1b//b211-out.png  used on input line 180.
(pdftex.def)             Requested size: 252.94437pt x 180.67456pt.
 [10 <./1b//a211-out.png> <./1b//b100.png (PNG copy)> <./1b//b100-out.png>] [11 <./1b//b200.png (PNG copy)> <./1b//b200-out.png> <./1b//b101.png (PNG copy)> <./1b//b101-out.png>] [12 <./1b//b201.png (PNG copy)> <./1b//b201-out.png> <./1b//b110.png (PNG copy)> <./1b//b110-out.png>] [13 <./1b//b210.png (PNG copy)> <./1b//b210-out.png> <./1b//b111.png (PNG copy)> <./1b//b111-out.png>]
<./1b//c100.png, id=122, 392.46625pt x 105.39375pt>
File: ./1b//c100.png Graphic file (type png)
<use ./1b//c100.png>
Package pdftex.def Info: ./1b//c100.png  used on input line 198.
(pdftex.def)             Requested size: 196.23264pt x 52.69673pt.
<./1b//c100-out.png, id=123, 505.89pt x 361.35pt>
File: ./1b//c100-out.png Graphic file (type png)
<use ./1b//c100-out.png>
Package pdftex.def Info: ./1b//c100-out.png  used on input line 200.
(pdftex.def)             Requested size: 252.94437pt x 180.67456pt.
<./1b//c200.png, id=124, 316.18124pt x 105.39375pt>
File: ./1b//c200.png Graphic file (type png)
<use ./1b//c200.png>
Package pdftex.def Info: ./1b//c200.png  used on input line 202.
(pdftex.def)             Requested size: 158.09023pt x 52.69673pt.
<./1b//c200-out.png, id=125, 505.89pt x 361.35pt>
File: ./1b//c200-out.png Graphic file (type png)
<use ./1b//c200-out.png>
Package pdftex.def Info: ./1b//c200-out.png  used on input line 204.
(pdftex.def)             Requested size: 252.94437pt x 180.67456pt.
<./1b//c101.png, id=126, 441.65pt x 105.39375pt>
File: ./1b//c101.png Graphic file (type png)
<use ./1b//c101.png>
Package pdftex.def Info: ./1b//c101.png  used on input line 206.
(pdftex.def)             Requested size: 220.82445pt x 52.69673pt.
<./1b//c101-out.png, id=127, 505.89pt x 361.35pt>
File: ./1b//c101-out.png Graphic file (type png)
<use ./1b//c101-out.png>
Package pdftex.def Info: ./1b//c101-out.png  used on input line 208.
(pdftex.def)             Requested size: 252.94437pt x 180.67456pt.
<./1b//c201.png, id=128, 365.365pt x 105.39375pt>
File: ./1b//c201.png Graphic file (type png)
<use ./1b//c201.png>
Package pdftex.def Info: ./1b//c201.png  used on input line 210.
(pdftex.def)             Requested size: 182.68205pt x 52.69673pt.
<./1b//c201-out.png, id=129, 505.89pt x 361.35pt>
File: ./1b//c201-out.png Graphic file (type png)
<use ./1b//c201-out.png>
Package pdftex.def Info: ./1b//c201-out.png  used on input line 212.
(pdftex.def)             Requested size: 252.94437pt x 180.67456pt.
<./1b//c110.png, id=130, 441.65pt x 105.39375pt>
File: ./1b//c110.png Graphic file (type png)
<use ./1b//c110.png>
Package pdftex.def Info: ./1b//c110.png  used on input line 214.
(pdftex.def)             Requested size: 220.82445pt x 52.69673pt.
<./1b//c110-out.png, id=131, 505.89pt x 361.35pt>
File: ./1b//c110-out.png Graphic file (type png)
<use ./1b//c110-out.png>
Package pdftex.def Info: ./1b//c110-out.png  used on input line 216.
(pdftex.def)             Requested size: 252.94437pt x 180.67456pt.
<./1b//c210.png, id=132, 365.365pt x 105.39375pt>
File: ./1b//c210.png Graphic file (type png)
<use ./1b//c210.png>
Package pdftex.def Info: ./1b//c210.png  used on input line 218.
(pdftex.def)             Requested size: 182.68205pt x 52.69673pt.
<./1b//c210-out.png, id=133, 505.89pt x 361.35pt>
File: ./1b//c210-out.png Graphic file (type png)
<use ./1b//c210-out.png>
Package pdftex.def Info: ./1b//c210-out.png  used on input line 220.
(pdftex.def)             Requested size: 252.94437pt x 180.67456pt.
<./1b//c111.png, id=134, 441.65pt x 105.39375pt>
File: ./1b//c111.png Graphic file (type png)
<use ./1b//c111.png>
Package pdftex.def Info: ./1b//c111.png  used on input line 222.
(pdftex.def)             Requested size: 220.82445pt x 52.69673pt.
<./1b//c111-out.png, id=135, 505.89pt x 361.35pt>
File: ./1b//c111-out.png Graphic file (type png)
<use ./1b//c111-out.png>
Package pdftex.def Info: ./1b//c111-out.png  used on input line 224.
(pdftex.def)             Requested size: 252.94437pt x 180.67456pt.
<./1b//c211.png, id=136, 365.365pt x 105.39375pt>
File: ./1b//c211.png Graphic file (type png)
<use ./1b//c211.png>
Package pdftex.def Info: ./1b//c211.png  used on input line 226.
(pdftex.def)             Requested size: 182.68205pt x 52.69673pt.
<./1b//c211-out.png, id=137, 505.89pt x 361.35pt>
File: ./1b//c211-out.png Graphic file (type png)
<use ./1b//c211-out.png>
Package pdftex.def Info: ./1b//c211-out.png  used on input line 228.
(pdftex.def)             Requested size: 252.94437pt x 180.67456pt.
 [14 <./1b//b211.png (PNG copy)> <./1b//b211-out.png> <./1b//c100.png (PNG copy)>] [15 <./1b//c100-out.png> <./1b//c200.png (PNG copy)> <./1b//c200-out.png> <./1b//c101.png (PNG copy)>] [16 <./1b//c101-out.png> <./1b//c201.png (PNG copy)> <./1b//c201-out.png> <./1b//c110.png (PNG copy)>] [17 <./1b//c110-out.png> <./1b//c210.png (PNG copy)> <./1b//c210-out.png> <./1b//c111.png (PNG copy)>]
<./1b//d100.png, id=157, 392.46625pt x 105.39375pt>
File: ./1b//d100.png Graphic file (type png)
<use ./1b//d100.png>
Package pdftex.def Info: ./1b//d100.png  used on input line 246.
(pdftex.def)             Requested size: 196.23264pt x 52.69673pt.
<./1b//d100-out.png, id=158, 505.89pt x 361.35pt>
File: ./1b//d100-out.png Graphic file (type png)
<use ./1b//d100-out.png>
Package pdftex.def Info: ./1b//d100-out.png  used on input line 248.
(pdftex.def)             Requested size: 252.94437pt x 180.67456pt.
<./1b//d200.png, id=159, 316.18124pt x 105.39375pt>
File: ./1b//d200.png Graphic file (type png)
<use ./1b//d200.png>
Package pdftex.def Info: ./1b//d200.png  used on input line 250.
(pdftex.def)             Requested size: 158.09023pt x 52.69673pt.
<./1b//d200-out.png, id=160, 505.89pt x 361.35pt>
File: ./1b//d200-out.png Graphic file (type png)
<use ./1b//d200-out.png>
Package pdftex.def Info: ./1b//d200-out.png  used on input line 252.
(pdftex.def)             Requested size: 252.94437pt x 180.67456pt.
<./1b//d101.png, id=161, 441.65pt x 105.39375pt>
File: ./1b//d101.png Graphic file (type png)
<use ./1b//d101.png>
Package pdftex.def Info: ./1b//d101.png  used on input line 254.
(pdftex.def)             Requested size: 220.82445pt x 52.69673pt.
<./1b//d101-out.png, id=162, 505.89pt x 361.35pt>
File: ./1b//d101-out.png Graphic file (type png)
<use ./1b//d101-out.png>
Package pdftex.def Info: ./1b//d101-out.png  used on input line 256.
(pdftex.def)             Requested size: 252.94437pt x 180.67456pt.
<./1b//d201.png, id=163, 365.365pt x 105.39375pt>
File: ./1b//d201.png Graphic file (type png)
<use ./1b//d201.png>
Package pdftex.def Info: ./1b//d201.png  used on input line 258.
(pdftex.def)             Requested size: 182.68205pt x 52.69673pt.
<./1b//d201-out.png, id=164, 505.89pt x 361.35pt>
File: ./1b//d201-out.png Graphic file (type png)
<use ./1b//d201-out.png>
Package pdftex.def Info: ./1b//d201-out.png  used on input line 260.
(pdftex.def)             Requested size: 252.94437pt x 180.67456pt.
<./1b//d110.png, id=165, 441.65pt x 105.39375pt>
File: ./1b//d110.png Graphic file (type png)
<use ./1b//d110.png>
Package pdftex.def Info: ./1b//d110.png  used on input line 262.
(pdftex.def)             Requested size: 220.82445pt x 52.69673pt.
<./1b//d110-out.png, id=166, 505.89pt x 361.35pt>
File: ./1b//d110-out.png Graphic file (type png)
<use ./1b//d110-out.png>
Package pdftex.def Info: ./1b//d110-out.png  used on input line 264.
(pdftex.def)             Requested size: 252.94437pt x 180.67456pt.
<./1b//d210.png, id=167, 365.365pt x 105.39375pt>
File: ./1b//d210.png Graphic file (type png)
<use ./1b//d210.png>
Package pdftex.def Info: ./1b//d210.png  used on input line 266.
(pdftex.def)             Requested size: 182.68205pt x 52.69673pt.
<./1b//d210-out.png, id=168, 505.89pt x 361.35pt>
File: ./1b//d210-out.png Graphic file (type png)
<use ./1b//d210-out.png>
Package pdftex.def Info: ./1b//d210-out.png  used on input line 268.
(pdftex.def)             Requested size: 252.94437pt x 180.67456pt.
<./1b//d111.png, id=169, 441.65pt x 105.39375pt>
File: ./1b//d111.png Graphic file (type png)
<use ./1b//d111.png>
Package pdftex.def Info: ./1b//d111.png  used on input line 270.
(pdftex.def)             Requested size: 220.82445pt x 52.69673pt.
<./1b//d111-out.png, id=170, 505.89pt x 361.35pt>
File: ./1b//d111-out.png Graphic file (type png)
<use ./1b//d111-out.png>
Package pdftex.def Info: ./1b//d111-out.png  used on input line 272.
(pdftex.def)             Requested size: 252.94437pt x 180.67456pt.
<./1b//d211.png, id=171, 365.365pt x 105.39375pt>
File: ./1b//d211.png Graphic file (type png)
<use ./1b//d211.png>
Package pdftex.def Info: ./1b//d211.png  used on input line 274.
(pdftex.def)             Requested size: 182.68205pt x 52.69673pt.
<./1b//d211-out.png, id=172, 505.89pt x 361.35pt>
File: ./1b//d211-out.png Graphic file (type png)
<use ./1b//d211-out.png>
Package pdftex.def Info: ./1b//d211-out.png  used on input line 276.
(pdftex.def)             Requested size: 252.94437pt x 180.67456pt.
 [18 <./1b//c111-out.png> <./1b//c211.png (PNG copy)> <./1b//c211-out.png>]
Package mdframed Info: Not enough space on this page on input line 292.
 [19 <./1b//d100.png (PNG copy)> <./1b//d100-out.png> <./1b//d200.png (PNG copy)> <./1b//d200-out.png>] [20 <./1b//d101.png (PNG copy)> <./1b//d101-out.png> <./1b//d201.png (PNG copy)> <./1b//d201-out.png>] [21 <./1b//d110.png (PNG copy)> <./1b//d110-out.png> <./1b//d210.png (PNG copy)> <./1b//d210-out.png>] [22 <./1b//d111.png (PNG copy)> <./1b//d111-out.png> <./1b//d211.png (PNG copy)> <./1b//d211-out.png>]
<./2//ghz-3.png, id=199, 429.605pt x 138.5175pt>
File: ./2//ghz-3.png Graphic file (type png)
<use ./2//ghz-3.png>
Package pdftex.def Info: ./2//ghz-3.png  used on input line 295.
(pdftex.def)             Requested size: 429.60394pt x 138.51715pt.
<./2//w-3-out.png, id=200, 505.89pt x 361.35pt>
File: ./2//w-3-out.png Graphic file (type png)
<use ./2//w-3-out.png>
Package pdftex.def Info: ./2//w-3-out.png  used on input line 297.
(pdftex.def)             Requested size: 379.41655pt x 271.01184pt.
<./2//ghz-4.png, id=201, 525.965pt x 171.64125pt>
File: ./2//ghz-4.png Graphic file (type png)
<use ./2//ghz-4.png>
Package pdftex.def Info: ./2//ghz-4.png  used on input line 299.
(pdftex.def)             Requested size: 420.77255pt x 137.31316pt.
<./2//w-4-out.png, id=202, 505.89pt x 361.35pt>
File: ./2//w-4-out.png Graphic file (type png)
<use ./2//w-4-out.png>
Package pdftex.def Info: ./2//w-4-out.png  used on input line 301.
(pdftex.def)             Requested size: 303.53633pt x 216.81168pt.
<./2//ghz-5.png, id=203, 621.32124pt x 204.765pt>
File: ./2//ghz-5.png Graphic file (type png)
<use ./2//ghz-5.png>
Package pdftex.def Info: ./2//ghz-5.png  used on input line 303.
(pdftex.def)             Requested size: 372.79562pt x 122.85992pt.
<./2//w-5-out.png, id=204, 505.89pt x 361.35pt>
File: ./2//w-5-out.png Graphic file (type png)
<use ./2//w-5-out.png>
Package pdftex.def Info: ./2//w-5-out.png  used on input line 305.
(pdftex.def)             Requested size: 303.53633pt x 216.81168pt.
 [23 <./2//ghz-3.png (PNG copy)> <./2//w-3-out.png>] [24 <./2//ghz-4.png (PNG copy)> <./2//w-4-out.png> <./2//ghz-5.png (PNG copy)>]
Package mdframed Info: Not enough space on this page on input line 364.
 [25 <./2//w-5-out.png>]
Package mdframed Info: Not enough space on this page on input line 364.
Package mdframed Info: Box was splittet wrong
 starting loop to iterate the splitting point
(mdframed)              on input line 393.
 [26]
<./4//w-4-state.png, id=224, 669.50125pt x 160.6pt>
File: ./4//w-4-state.png Graphic file (type png)
<use ./4//w-4-state.png>
Package pdftex.def Info: ./4//w-4-state.png  used on input line 396.
(pdftex.def)             Requested size: 401.70384pt x 96.36073pt.
<./4//tomography.png, id=225, 1084.05pt x 361.35pt>
File: ./4//tomography.png Graphic file (type png)
<use ./4//tomography.png>
Package pdftex.def Info: ./4//tomography.png  used on input line 398.
(pdftex.def)             Requested size: 325.21751pt x 108.40584pt.
<./5//5a.png, id=226, 511.9125pt x 259.97125pt>
File: ./5//5a.png Graphic file (type png)
<use ./5//5a.png>
Package pdftex.def Info: ./5//5a.png  used on input line 417.
(pdftex.def)             Requested size: 358.3363pt x 181.97862pt.
 [27 <./4//w-4-state.png (PNG copy)> <./4//tomography.png>]
<./5//5-b.png, id=232, 532.99126pt x 263.98625pt>
File: ./5//5-b.png Graphic file (type png)
<use ./5//5-b.png>
Package pdftex.def Info: ./5//5-b.png  used on input line 439.
(pdftex.def)             Requested size: 319.79723pt x 158.39296pt.
 [28 <./5//5a.png> <./5//5-b.png>] (./main.aux) ) 
Here is how much of TeX's memory you used:
 23526 strings out of 478268
 508375 string characters out of 5846347
 838645 words of memory out of 5000000
 41204 multiletter control sequences out of 15000+600000
 474795 words of font info for 49 fonts, out of 8000000 for 9000
 1141 hyphenation exceptions out of 8191
 114i,17n,118p,1293b,1459s stack positions out of 10000i,1000n,20000p,200000b,200000s
</usr/local/texlive/2022/texmf-dist/fonts/type1/public/amsfonts/cm/cmbx10.pfb></usr/local/texlive/2022/texmf-dist/fonts/type1/public/amsfonts/cm/cmbx12.pfb></usr/local/texlive/2022/texmf-dist/fonts/type1/public/amsfonts/cm/cmmi10.pfb></usr/local/texlive/2022/texmf-dist/fonts/type1/public/amsfonts/cm/cmr10.pfb></usr/local/texlive/2022/texmf-dist/fonts/type1/public/amsfonts/cm/cmr7.pfb></usr/local/texlive/2022/texmf-dist/fonts/type1/public/amsfonts/cm/cmsy10.pfb></usr/local/texlive/2022/texmf-dist/fonts/type1/public/amsfonts/cm/cmtt10.pfb>
Output written on main.pdf (28 pages, 977066 bytes).
PDF statistics:
 269 PDF objects out of 1000 (max. 8388607)
 88 compressed objects within 1 object stream
 0 named destinations out of 1000 (max. 500000)
 463 words of extra memory for PDF output out of 10000 (max. 10000000)

